#
# A fatal error has been detected by the Java Runtime Environment:
#
#  EXCEPTION_ACCESS_VIOLATION (0xc0000005) at pc=0x63211aeb, pid=3908, tid=7940
#
# JRE version: 7.0_13-b20
# Java VM: Java HotSpot(TM) Client VM (23.7-b01 mixed mode windows-x86 )
# Problematic frame:
# V  [jvm.dll+0xc1aeb]
#
# Failed to write core dump. Minidumps are not enabled by default on client versions of Windows
#
# If you would like to submit a bug report, please visit:
#   http://bugreport.sun.com/bugreport/crash.jsp
#

---------------  T H R E A D  ---------------

Current thread (0x00a73000):  JavaThread "JDWP Transport Listener: dt_socket" daemon [_thread_in_vm, id=7940, stack(0x17fe0000,0x18030000)]

siginfo: ExceptionCode=0xc0000005, reading address 0x636e6572

Registers:
EAX=0x636e6572, EBX=0x00000000, ECX=0x636e6572, EDX=0x00000000
ESP=0x1802fa5c, EBP=0x1802fa60, ESI=0x00a73000, EDI=0x00567c08
EIP=0x63211aeb, EFLAGS=0x00010206

Top of Stack: (sp=0x1802fa5c)
0x1802fa5c:   00a73000 1802fa8c 63335a2a 636e6572
0x1802fa6c:   1802fb44 1802fac7 00a73000 00000000
0x1802fa7c:   00000000 00000000 00a73000 00a73000
0x1802fa8c:   1802fac8 73ec9d5c 00567c08 636e6572
0x1802fa9c:   1802fac7 636e6572 73eb436d 636e6572
0x1802faac:   1802fac7 00000006 00000000 00000000
0x1802fabc:   0000001a 00000000 00abd740 1802fae8
0x1802facc:   73eb44e0 00000001 1802fb04 1802fb40 

Instructions: (pc=0x63211aeb)
0x63211acb:   0c 5f 5e 5d c2 0c 00 cc cc cc cc cc cc cc cc cc
0x63211adb:   cc cc cc cc cc 55 8b ec 8b 45 08 56 85 c0 74 28
0x63211aeb:   8b 30 85 f6 74 22 81 fe fe fe fe fe 74 1a 8b 4e
0x63211afb:   04 8b 41 08 8b 90 90 00 00 00 83 c1 08 ff d2 84 


Register to memory mapping:

EAX=0x636e6572 is an unknown value
EBX=0x00000000 is an unknown value
ECX=0x636e6572 is an unknown value
EDX=0x00000000 is an unknown value
ESP=0x1802fa5c is pointing into the stack for thread: 0x00a73000
EBP=0x1802fa60 is pointing into the stack for thread: 0x00a73000
ESI=0x00a73000 is a thread
EDI=0x00567c08 is an unknown value


Stack: [0x17fe0000,0x18030000],  sp=0x1802fa5c,  free space=318k
Native frames: (J=compiled Java code, j=interpreted, Vv=VM code, C=native code)
V  [jvm.dll+0xc1aeb]
V  [jvm.dll+0x1e5a2a]
C  [jdwp.dll+0x19d5c]  Agent_OnLoad+0xe9ef
C  [jdwp.dll+0x44e0]
C  [jdwp.dll+0x451e]


---------------  P R O C E S S  ---------------

Java Threads: ( => current thread )
  0x00a9f800 JavaThread "Service Thread" daemon [_thread_blocked, id=4144, stack(0x18210000,0x18260000)]
  0x00a8ec00 JavaThread "C1 CompilerThread0" daemon [_thread_blocked, id=2380, stack(0x18150000,0x181a0000)]
  0x00a84c00 JavaThread "JDWP Command Reader" daemon [_thread_in_native, id=3416, stack(0x17f40000,0x17f90000)]
  0x00a7e800 JavaThread "JDWP Event Helper Thread" daemon [_thread_blocked, id=6664, stack(0x18030000,0x18080000)]
=>0x00a73000 JavaThread "JDWP Transport Listener: dt_socket" daemon [_thread_in_vm, id=7940, stack(0x17fe0000,0x18030000)]
  0x00a6ec00 JavaThread "Attach Listener" daemon [_thread_blocked, id=7808, stack(0x00c20000,0x00c70000)]
  0x00a6bc00 JavaThread "Signal Dispatcher" daemon [_thread_blocked, id=7228, stack(0x00ce0000,0x00d30000)]
  0x0072f800 JavaThread "Finalizer" daemon [_thread_blocked, id=4008, stack(0x00970000,0x009c0000)]
  0x0072e000 JavaThread "Reference Handler" daemon [_thread_blocked, id=7936, stack(0x00860000,0x008b0000)]
  0x0056b800 JavaThread "main" [_thread_blocked, id=7004, stack(0x004d0000,0x00520000)]

Other Threads:
  0x00728800 VMThread [stack: 0x009c0000,0x00a10000] [id=7224]
  0x00aab800 WatcherThread [stack: 0x17c40000,0x17c90000] [id=5992]

VM state:not at safepoint (normal execution)

VM Mutex/Monitor currently owned by a thread: None

Heap
 def new generation   total 4928K, used 2610K [0x03c30000, 0x04180000, 0x09180000)
  eden space 4416K,  47% used [0x03c30000, 0x03e3cb70, 0x04080000)
  from space 512K, 100% used [0x04100000, 0x04180000, 0x04180000)
  to   space 512K,   0% used [0x04080000, 0x04080000, 0x04100000)
 tenured generation   total 10944K, used 2221K [0x09180000, 0x09c30000, 0x13c30000)
   the space 10944K,  20% used [0x09180000, 0x093ab5c8, 0x093ab600, 0x09c30000)
 compacting perm gen  total 12288K, used 2774K [0x13c30000, 0x14830000, 0x17c30000)
   the space 12288K,  22% used [0x13c30000, 0x13ee5b78, 0x13ee5c00, 0x14830000)
No shared spaces configured.

Card table byte_map: [0x00730000,0x007e0000] byte_map_base: 0x00711e80

Polling page: 0x00440000

Code Cache  [0x01c30000, 0x01cf0000, 0x03c30000)
 total_blobs=199 nmethods=74 adapters=69 free_code_cache=32030Kb largest_free_block=32799104

Compilation events (10 events):
Event: 47.519 Thread 0x00a8ec00   69             java.lang.String::codePointAt (36 bytes)
Event: 47.519 Thread 0x00a8ec00 nmethod 69 0x01ce6a08 code [0x01ce6b20, 0x01ce6c58]
Event: 165.825 Thread 0x00a8ec00   70             java.util.regex.Pattern::RemoveQEQuoting (285 bytes)
Event: 165.828 Thread 0x00a8ec00 nmethod 70 0x01ce6d48 code [0x01ce6ea0, 0x01ce7448]
Event: 165.840 Thread 0x00a8ec00   71             java.util.jar.Manifest$FastInputStream::readLine (167 bytes)
Event: 165.842 Thread 0x00a8ec00 nmethod 71 0x01ce7b88 code [0x01ce7cb0, 0x01ce7f28]
Event: 165.894 Thread 0x00a8ec00   72             java.util.Arrays::copyOf (19 bytes)
Event: 165.894 Thread 0x00a8ec00 nmethod 72 0x01ce8188 code [0x01ce8290, 0x01ce83fc]
Event: 165.928 Thread 0x00a8ec00   73             java.util.ArrayList::size (5 bytes)
Event: 165.928 Thread 0x00a8ec00 nmethod 73 0x01ce84c8 code [0x01ce85c0, 0x01ce8640]

GC Heap History (2 events):
Event: 47.284 GC heap before
{Heap before GC invocations=0 (full 0):
 def new generation   total 4928K, used 4416K [0x03c30000, 0x04180000, 0x09180000)
  eden space 4416K, 100% used [0x03c30000, 0x04080000, 0x04080000)
  from space 512K,   0% used [0x04080000, 0x04080000, 0x04100000)
  to   space 512K,   0% used [0x04100000, 0x04100000, 0x04180000)
 tenured generation   total 10944K, used 0K [0x09180000, 0x09c30000, 0x13c30000)
   the space 10944K,   0% used [0x09180000, 0x09180000, 0x09180200, 0x09c30000)
 compacting perm gen  total 12288K, used 2306K [0x13c30000, 0x14830000, 0x17c30000)
   the space 12288K,  18% used [0x13c30000, 0x13e70928, 0x13e70a00, 0x14830000)
No shared spaces configured.
Event: 47.290 GC heap after
Heap after GC invocations=1 (full 0):
 def new generation   total 4928K, used 512K [0x03c30000, 0x04180000, 0x09180000)
  eden space 4416K,   0% used [0x03c30000, 0x03c30000, 0x04080000)
  from space 512K, 100% used [0x04100000, 0x04180000, 0x04180000)
  to   space 512K,   0% used [0x04080000, 0x04080000, 0x04100000)
 tenured generation   total 10944K, used 2221K [0x09180000, 0x09c30000, 0x13c30000)
   the space 10944K,  20% used [0x09180000, 0x093ab5c8, 0x093ab600, 0x09c30000)
 compacting perm gen  total 12288K, used 2306K [0x13c30000, 0x14830000, 0x17c30000)
   the space 12288K,  18% used [0x13c30000, 0x13e70928, 0x13e70a00, 0x14830000)
No shared spaces configured.
}

Deoptimization events (0 events):
No events

Internal exceptions (10 events):
Event: 165.896 Thread 0x0056b800 Threw 0x03dfb958 at C:\jdk7u2_32P\jdk7u13_2932_new\hotspot\src\share\vm\prims\jvm.cpp:1166
Event: 165.899 Thread 0x0056b800 Threw 0x03dfe428 at C:\jdk7u2_32P\jdk7u13_2932_new\hotspot\src\share\vm\prims\jvm.cpp:1166
Event: 165.902 Thread 0x0056b800 Threw 0x03e01438 at C:\jdk7u2_32P\jdk7u13_2932_new\hotspot\src\share\vm\prims\jvm.cpp:1166
Event: 165.905 Thread 0x0056b800 Threw 0x03e043d0 at C:\jdk7u2_32P\jdk7u13_2932_new\hotspot\src\share\vm\prims\jvm.cpp:1166
Event: 165.908 Thread 0x0056b800 Threw 0x03e07580 at C:\jdk7u2_32P\jdk7u13_2932_new\hotspot\src\share\vm\prims\jvm.cpp:1166
Event: 165.913 Thread 0x0056b800 Threw 0x03e12a68 at C:\jdk7u2_32P\jdk7u13_2932_new\hotspot\src\share\vm\prims\jvm.cpp:1166
Event: 165.917 Thread 0x0056b800 Threw 0x03e15778 at C:\jdk7u2_32P\jdk7u13_2932_new\hotspot\src\share\vm\prims\jvm.cpp:1166
Event: 165.921 Thread 0x0056b800 Threw 0x03e1d868 at C:\jdk7u2_32P\jdk7u13_2932_new\hotspot\src\share\vm\prims\jvm.cpp:1166
Event: 165.928 Thread 0x0056b800 Threw 0x03e28588 at C:\jdk7u2_32P\jdk7u13_2932_new\hotspot\src\share\vm\prims\jvm.cpp:1166
Event: 165.931 Thread 0x0056b800 Threw 0x03e2bcd0 at C:\jdk7u2_32P\jdk7u13_2932_new\hotspot\src\share\vm\prims\jvm.cpp:1166

Events (10 events):
Event: 925.947 Executing VM operation: GetCurrentLocation
Event: 925.947 Executing VM operation: GetCurrentLocation done
Event: 925.947 Executing VM operation: EnterInterpOnlyMode
Event: 925.947 Executing VM operation: EnterInterpOnlyMode done
Event: 925.947 Executing VM operation: ChangeSingleStep
Event: 925.947 Executing VM operation: ChangeSingleStep done
Event: 925.947 Executing VM operation: ChangeSingleStep
Event: 925.947 Executing VM operation: ChangeSingleStep done
Event: 925.968 Executing VM operation: RedefineClasses
Event: 925.969 Executing VM operation: RedefineClasses done


Dynamic libraries:
0x01000000 - 0x0102f000 	C:\Program Files\Java\jdk1.7.0_13\jre\bin\javaw.exe
0x77b70000 - 0x77cac000 	C:\Windows\SYSTEM32\ntdll.dll
0x76910000 - 0x769e4000 	C:\Windows\system32\kernel32.dll
0x75df0000 - 0x75e3b000 	C:\Windows\system32\KERNELBASE.dll
0x778d0000 - 0x77970000 	C:\Windows\system32\ADVAPI32.dll
0x763a0000 - 0x7644c000 	C:\Windows\system32\msvcrt.dll
0x76670000 - 0x76689000 	C:\Windows\SYSTEM32\sechost.dll
0x76450000 - 0x764f1000 	C:\Windows\system32\RPCRT4.dll
0x76500000 - 0x765c9000 	C:\Windows\system32\USER32.dll
0x76160000 - 0x761ae000 	C:\Windows\system32\GDI32.dll
0x762f0000 - 0x762fa000 	C:\Windows\system32\LPK.dll
0x761b0000 - 0x7624d000 	C:\Windows\system32\USP10.dll
0x73ce0000 - 0x73e7e000 	C:\Windows\WinSxS\x86_microsoft.windows.common-controls_6595b64144ccf1df_6.0.7601.17514_none_41e6975e2bd6f2b2\COMCTL32.dll
0x76100000 - 0x76157000 	C:\Windows\system32\SHLWAPI.dll
0x77cb0000 - 0x77ccf000 	C:\Windows\system32\IMM32.DLL
0x76840000 - 0x7690c000 	C:\Windows\system32\MSCTF.dll
0x670d0000 - 0x6718e000 	C:\Program Files\Java\jdk1.7.0_13\jre\bin\msvcr100.dll
0x63150000 - 0x6349d000 	C:\Program Files\Java\jdk1.7.0_13\jre\bin\client\jvm.dll
0x6c530000 - 0x6c537000 	C:\Windows\system32\WSOCK32.dll
0x76630000 - 0x76665000 	C:\Windows\system32\WS2_32.dll
0x76300000 - 0x76306000 	C:\Windows\system32\NSI.dll
0x72c90000 - 0x72cc2000 	C:\Windows\system32\WINMM.dll
0x76250000 - 0x76255000 	C:\Windows\system32\PSAPI.DLL
0x745d0000 - 0x745dc000 	C:\Program Files\Java\jdk1.7.0_13\jre\bin\verify.dll
0x70ed0000 - 0x70ef0000 	C:\Program Files\Java\jdk1.7.0_13\jre\bin\java.dll
0x73eb0000 - 0x73eda000 	C:\Program Files\Java\jdk1.7.0_13\jre\bin\jdwp.dll
0x74940000 - 0x74947000 	C:\Program Files\Java\jdk1.7.0_13\jre\bin\npt.dll
0x6c470000 - 0x6c483000 	C:\Program Files\Java\jdk1.7.0_13\jre\bin\zip.dll
0x74400000 - 0x74408000 	C:\Program Files\Java\jdk1.7.0_13\jre\bin\dt_socket.dll
0x73fb0000 - 0x73fc0000 	C:\Windows\system32\NLAapi.dll
0x6f9e0000 - 0x6f9f0000 	C:\Windows\system32\napinsp.dll
0x6f860000 - 0x6f872000 	C:\Windows\system32\pnrpnsp.dll
0x755d0000 - 0x7560c000 	C:\Windows\System32\mswsock.dll
0x75490000 - 0x754d4000 	C:\Windows\system32\DNSAPI.dll
0x6f850000 - 0x6f858000 	C:\Windows\System32\winrnr.dll
0x73c40000 - 0x73c5c000 	C:\Windows\system32\IPHLPAPI.DLL
0x73c30000 - 0x73c37000 	C:\Windows\system32\WINNSI.DLL
0x73560000 - 0x73598000 	C:\Windows\System32\fwpuclnt.dll
0x6ffd0000 - 0x6ffd6000 	C:\Windows\system32\rasadhlp.dll
0x750f0000 - 0x750f5000 	C:\Windows\System32\wshtcpip.dll
0x736c0000 - 0x737ab000 	C:\Windows\system32\dbghelp.dll

VM Arguments:
jvm_args: -agentlib:jdwp=transport=dt_socket,suspend=y,address=localhost:61824 -Dfile.encoding=UTF-8 
java_command: playground.solrmarc.index.indexer.ConditionalParserTest
Launcher Type: SUN_STANDARD

Environment Variables:
JAVA_HOME=C:\Program Files\Java\jdk1.7.0_13
CLASSPATH=.;C:\Program Files\Java\jre7\lib\ext\QTJava.zip
PATH=C:\Program Files\Java\jdk1.7.0_13\jre\bin;C:/Program Files/Java/jre7/bin/client;C:/Program Files/Java/jre7/bin;C:/Program Files/Java/jre7/lib/i386;C:\Users\rh9ec\Development\ImageMagick;C:\Windows\system32;C:\Windows;C:\Windows\System32\Wbem;C:\Windows\System32\WindowsPowerShell\v1.0\;C:\Program Files\QuickTime\QTSystem\;C:\Program Files\VanDyke Software\SecureFX\;C:\Users\rh9ec\Development\apache-ant-1.8.4\bin;C:\Program Files\Java\jdk1.7.0_13\bin;C:\Users\rh9ec\Development\workspace\SolrMarc\dist\bin;C:\Development\Git\cmd;C:\Program Files\Utilities;C:\Users\rh9ec\Development\Ruby\bin;C:\Users\rh9ec\Development\eclipse;
USERNAME=rh9ec
OS=Windows_NT
PROCESSOR_IDENTIFIER=x86 Family 6 Model 15 Stepping 11, GenuineIntel



---------------  S Y S T E M  ---------------

OS: Windows 7 Build 7601 Service Pack 1

CPU:total 2 (2 cores per cpu, 1 threads per core) family 6 model 15 stepping 11, cmov, cx8, fxsr, mmx, sse, sse2, sse3, ssse3, tsc

Memory: 4k page, physical 2095072k(857464k free), swap 4190144k(1894000k free)

vm_info: Java HotSpot(TM) Client VM (23.7-b01) for windows-x86 JRE (1.7.0_13-b20), built on Jan 30 2013 10:03:58 by "java_re" with unknown MS VC++:1600

time: Fri Mar 11 16:52:06 2016
elapsed time: 926 seconds

